Running in Lattice mode


Starting:    C:\ispLEVER_Classic2_0\synpbase\win64\mbin\synbatch.exe
Install:     C:\ispLEVER_Classic2_0\synpbase
Date:        Fri Sep 14 15:31:10 2018
Version:     I-2014.03LC 

Arguments:   -product synplify_pro  -batch e:/byggerng46/brennesak\address_decoder.prj
ProductType: synplify_pro





log file: "E:\byggerng46\brennesak\address_decoder.srr"

Running address_decoder|brennesak

Running: Compile on address_decoder|brennesak

Running: Compile Process on address_decoder|brennesak

Running: Compile Input on address_decoder|brennesak
Copied E:\byggerng46\brennesak\synwork\address_decoder_comp.srs to E:\byggerng46\brennesak\address_decoder.srs
compiler Completed
Return Code: 0
Run Time:0h:00m:03s

Running: Multi-srs Generator on address_decoder|brennesak
Copied E:\byggerng46\brennesak\synwork\address_decoder_comp.srs to E:\byggerng46\brennesak\synwork\address_decoder_s.srs
multi_srs_gen Completed
Return Code: 0
Run Time:0h:00m:00s
Copied E:\byggerng46\brennesak\synwork\address_decoder_mult.srs to E:\byggerng46\brennesak\address_decoder.srs
Copied E:\byggerng46\brennesak\address_decoder.srr to E:\byggerng46\brennesak\address_decoder.srf
Complete: Compile Process on address_decoder|brennesak
Complete: Compile on address_decoder|brennesak

Running: Map on address_decoder|brennesak

Running: Map & Optimize on address_decoder|brennesak
fpga_mapper Completed
Return Code: 0
Run Time:0h:00m:00s
Complete: Map on address_decoder|brennesak
Copied E:\byggerng46\brennesak\address_decoder.srr to E:\byggerng46\brennesak\address_decoder.srf
Complete: Logic Synthesis on address_decoder|brennesak

exit status=0

exit status=0

